e:\codingspace\sdlprojects\sdlwindow\windowframework\gameframework\gameframework\debug\vc140.pdb
e:\codingspace\sdlprojects\sdlwindow\windowframework\gameframework\gameframework\debug\vc140.idb
e:\codingspace\sdlprojects\sdlwindow\windowframework\gameframework\gameframework\debug\animatedsprite.obj
e:\codingspace\sdlprojects\sdlwindow\windowframework\gameframework\gameframework\debug\animation.obj
e:\codingspace\sdlprojects\sdlwindow\windowframework\gameframework\gameframework\debug\sprite.obj
e:\codingspace\sdlprojects\sdlwindow\windowframework\gameframework\gameframework\debug\spritemanager.obj
e:\codingspace\sdlprojects\sdlwindow\windowframework\gameframework\gameframework\debug\inputdispatcher.obj
e:\codingspace\sdlprojects\sdlwindow\windowframework\gameframework\gameframework\debug\inputholder.obj
e:\codingspace\sdlprojects\sdlwindow\windowframework\gameframework\gameframework\debug\gamebase.obj
e:\codingspace\sdlprojects\sdlwindow\windowframework\gameframework\gameframework\debug\camera.obj
e:\codingspace\sdlprojects\sdlwindow\windowframework\gameframework\gameframework\debug\light.obj
e:\codingspace\sdlprojects\sdlwindow\windowframework\gameframework\gameframework\debug\mesh.obj
e:\codingspace\sdlprojects\sdlwindow\windowframework\gameframework\gameframework\debug\model3d.obj
e:\codingspace\sdlprojects\sdlwindow\windowframework\gameframework\gameframework\debug\resourcemanager.obj
e:\codingspace\sdlprojects\sdlwindow\windowframework\gameframework\gameframework\debug\scenemanager.obj
e:\codingspace\sdlprojects\sdlwindow\windowframework\gameframework\gameframework\debug\shaders.obj
e:\codingspace\sdlprojects\sdlwindow\windowframework\gameframework\gameframework\debug\texture.obj
e:\codingspace\sdlprojects\sdlwindow\windowframework\gameframework\gameframework\debug\gameaccessor.obj
e:\codingspace\sdlprojects\sdlwindow\windowframework\gameframework\gameframework\debug\main.obj
e:\codingspace\sdlprojects\sdlwindow\windowframework\gameframework\gameframework\debug\stdafx.obj
e:\codingspace\sdlprojects\sdlwindow\windowframework\gameframework\gameframework\debug\debugdraw.obj
e:\codingspace\sdlprojects\sdlwindow\windowframework\gameframework\gameframework\debug\physicsbody.obj
e:\codingspace\sdlprojects\sdlwindow\windowframework\gameframework\gameframework\debug\physicsmanager.obj
e:\codingspace\sdlprojects\sdlwindow\windowframework\gameframework\gameframework\debug\baseobject.obj
e:\codingspace\sdlprojects\sdlwindow\windowframework\gameframework\gameframework\debug\physicsobject.obj
e:\codingspace\sdlprojects\sdlwindow\windowframework\gameframework\gameframework\debug\steeringbehaviors.obj
e:\codingspace\sdlprojects\sdlwindow\windowframework\gameframework\debug\gameframework.ilk
e:\codingspace\sdlprojects\sdlwindow\windowframework\gameframework\debug\gameframework.exe
e:\codingspace\sdlprojects\sdlwindow\windowframework\gameframework\debug\gameframework.pdb
e:\codingspace\sdlprojects\sdlwindow\windowframework\gameframework\gameframework\debug\gameframework.tlog\cl.command.1.tlog
e:\codingspace\sdlprojects\sdlwindow\windowframework\gameframework\gameframework\debug\gameframework.tlog\cl.read.1.tlog
e:\codingspace\sdlprojects\sdlwindow\windowframework\gameframework\gameframework\debug\gameframework.tlog\cl.write.1.tlog
e:\codingspace\sdlprojects\sdlwindow\windowframework\gameframework\gameframework\debug\gameframework.tlog\link.command.1.tlog
e:\codingspace\sdlprojects\sdlwindow\windowframework\gameframework\gameframework\debug\gameframework.tlog\link.read.1.tlog
e:\codingspace\sdlprojects\sdlwindow\windowframework\gameframework\gameframework\debug\gameframework.tlog\link.write.1.tlog
