e:\codingspace\sdlprojects\sdlwindow\windowframework\gameframework\mainproject\debug\vc140.pdb
e:\codingspace\sdlprojects\sdlwindow\windowframework\gameframework\mainproject\debug\vc140.idb
e:\codingspace\sdlprojects\sdlwindow\windowframework\gameframework\mainproject\debug\characterbrain.obj
e:\codingspace\sdlprojects\sdlwindow\windowframework\gameframework\mainproject\debug\player.obj
e:\codingspace\sdlprojects\sdlwindow\windowframework\gameframework\mainproject\debug\character.obj
e:\codingspace\sdlprojects\sdlwindow\windowframework\gameframework\mainproject\debug\entity.obj
e:\codingspace\sdlprojects\sdlwindow\windowframework\gameframework\mainproject\debug\graphnode.obj
e:\codingspace\sdlprojects\sdlwindow\windowframework\gameframework\mainproject\debug\transform.obj
e:\codingspace\sdlprojects\sdlwindow\windowframework\gameframework\mainproject\debug\bone.obj
e:\codingspace\sdlprojects\sdlwindow\windowframework\gameframework\mainproject\debug\bonetoucher.obj
e:\codingspace\sdlprojects\sdlwindow\windowframework\gameframework\mainproject\debug\puppeteer.obj
e:\codingspace\sdlprojects\sdlwindow\windowframework\gameframework\mainproject\debug\skeletonbuilder.obj
e:\codingspace\sdlprojects\sdlwindow\windowframework\gameframework\mainproject\debug\spriterentity.obj
e:\codingspace\sdlprojects\sdlwindow\windowframework\gameframework\mainproject\debug\inputmanager.obj
e:\codingspace\sdlprojects\sdlwindow\windowframework\gameframework\mainproject\debug\locator.obj
e:\codingspace\sdlprojects\sdlwindow\windowframework\gameframework\mainproject\debug\tinyxml2.obj
e:\codingspace\sdlprojects\sdlwindow\windowframework\gameframework\mainproject\debug\main.obj
e:\codingspace\sdlprojects\sdlwindow\windowframework\gameframework\mainproject\debug\statemachine.obj
e:\codingspace\sdlprojects\sdlwindow\windowframework\gameframework\mainproject\debug\stdafx.obj
e:\codingspace\sdlprojects\sdlwindow\windowframework\gameframework\mainproject\debug\box.obj
e:\codingspace\sdlprojects\sdlwindow\windowframework\gameframework\mainproject\debug\assetsmanager.obj
e:\codingspace\sdlprojects\sdlwindow\windowframework\gameframework\mainproject\debug\gamebase.obj
e:\codingspace\sdlprojects\sdlwindow\windowframework\gameframework\mainproject\debug\bodykit.obj
e:\codingspace\sdlprojects\sdlwindow\windowframework\gameframework\mainproject\debug\terrestrialbody.obj
e:\codingspace\sdlprojects\sdlwindow\windowframework\gameframework\debug\mainproject.ilk
e:\codingspace\sdlprojects\sdlwindow\windowframework\gameframework\debug\mainproject.exe
e:\codingspace\sdlprojects\sdlwindow\windowframework\gameframework\debug\mainproject.pdb
e:\codingspace\sdlprojects\sdlwindow\windowframework\gameframework\mainproject\debug\mainproject.tlog\cl.command.1.tlog
e:\codingspace\sdlprojects\sdlwindow\windowframework\gameframework\mainproject\debug\mainproject.tlog\cl.read.1.tlog
e:\codingspace\sdlprojects\sdlwindow\windowframework\gameframework\mainproject\debug\mainproject.tlog\cl.write.1.tlog
e:\codingspace\sdlprojects\sdlwindow\windowframework\gameframework\mainproject\debug\mainproject.tlog\link.command.1.tlog
e:\codingspace\sdlprojects\sdlwindow\windowframework\gameframework\mainproject\debug\mainproject.tlog\link.read.1.tlog
e:\codingspace\sdlprojects\sdlwindow\windowframework\gameframework\mainproject\debug\mainproject.tlog\link.write.1.tlog
